<?xml version="1.0" encoding="UTF-8"?>
<!-- Generated by org.testng.reporters.JUnitXMLReporter -->
<testsuite hostname="ArshadM" name="Default test" tests="2" failures="0" timestamp="12 Sep 2019 04:02:53 GMT" time="0.041" errors="0">
  <testcase name="search_upguides" time="0.0" classname="com.upnorway.testcases.Upguides">
    <skipped/>
  </testcase> <!-- search_upguides -->
  <testcase name="upguide_go_to_journey" time="0.0" classname="com.upnorway.testcases.Upguides">
    <skipped/>
  </testcase> <!-- upguide_go_to_journey -->
</testsuite> <!-- Default test -->
