<?xml version="1.0" encoding="UTF-8"?>
<!-- Generated by org.testng.reporters.JUnitXMLReporter -->
<testsuite hostname="ArshadM" name="Home page" tests="15" failures="0" timestamp="24 Feb 2020 12:04:47 GMT" time="933.905" errors="0">
  <testcase name="googleReviewCount" time="6.824" classname="com.upnorway.testcases.Homepage"/>
  <testcase name="googleReviewfiveStars" time="742.814" classname="com.upnorway.testcases.Homepage"/>
  <testcase name="googleReviews" time="9.054" classname="com.upnorway.testcases.Homepage"/>
  <testcase name="slidePressItems" time="5.543" classname="com.upnorway.testcases.Homepage"/>
  <testcase name="send_Enquiry" time="8.03" classname="com.upnorway.testcases.TailorMyJourney"/>
  <testcase name="tailorMyJourney_ValidationCheck" time="16.972" classname="com.upnorway.testcases.TailorMyJourney"/>
  <testcase name="testTailorMyJourenyBackToHome" time="4.013" classname="com.upnorway.testcases.TailorMyJourney"/>
  <testcase name="testTailorMyJourenyUPNorwayLogo" time="4.374" classname="com.upnorway.testcases.TailorMyJourney"/>
  <testcase name="testTailorMyJourneyContactInfoValidating" time="12.306" classname="com.upnorway.testcases.TailorMyJourney"/>
  <testcase name="sendEnquiryWithoutMandatoryFields" time="3.31" classname="com.upnorway.testcases.SendEnquiry"/>
  <testcase name="send_Enquiry" time="5.524" classname="com.upnorway.testcases.SendEnquiry"/>
  <testcase name="navigate_Pagination" time="9.379" classname="com.upnorway.testcases.SearchAnything"/>
  <testcase name="search_Pagination" time="48.664" classname="com.upnorway.testcases.SearchAnything"/>
  <testcase name="search_for_many" time="26.812" classname="com.upnorway.testcases.SearchAnything"/>
  <testcase name="search_for_less" time="8.208" classname="com.upnorway.testcases.SearchAnything"/>
</testsuite> <!-- Home page -->
