<?xml version="1.0" encoding="UTF-8"?>
<!-- Generated by org.testng.reporters.JUnitXMLReporter -->
<testsuite hostname="ArshadM" name="Home page" tests="13" failures="0" timestamp="15 Apr 2020 13:45:20 GMT" time="301.825" errors="0">
  <testcase name="googleReviews" time="12.546" classname="com.upnorway.testcases.Homepage"/>
  <testcase name="slidePressItems" time="6.328" classname="com.upnorway.testcases.Homepage"/>
  <testcase name="send_Enquiry" time="16.076" classname="com.upnorway.testcases.TailorMyJourney"/>
  <testcase name="tailorMyJourney_ValidationCheck" time="25.983" classname="com.upnorway.testcases.TailorMyJourney"/>
  <testcase name="testTailorMyJourenyBackToHome" time="5.393" classname="com.upnorway.testcases.TailorMyJourney"/>
  <testcase name="testTailorMyJourenyUPNorwayLogo" time="4.445" classname="com.upnorway.testcases.TailorMyJourney"/>
  <testcase name="testTailorMyJourneyContactInfoValidating" time="14.827" classname="com.upnorway.testcases.TailorMyJourney"/>
  <testcase name="sendEnquiryWithoutMandatoryFields" time="2.914" classname="com.upnorway.testcases.SendEnquiry"/>
  <testcase name="send_Enquiry" time="9.267" classname="com.upnorway.testcases.SendEnquiry"/>
  <testcase name="navigate_Pagination" time="16.491" classname="com.upnorway.testcases.SearchAnything"/>
  <testcase name="search_Pagination" time="14.545" classname="com.upnorway.testcases.SearchAnything"/>
  <testcase name="search_for_many" time="16.319" classname="com.upnorway.testcases.SearchAnything"/>
  <testcase name="search_for_less" time="19.128" classname="com.upnorway.testcases.SearchAnything"/>
</testsuite> <!-- Home page -->
