<?xml version="1.0" encoding="UTF-8"?>
<!-- Generated by org.testng.reporters.JUnitXMLReporter -->
<testsuite hostname="ArshadM" name="Journeys" tests="11" failures="0" timestamp="10 Apr 2020 10:55:05 GMT" time="432.106" errors="0">
  <testcase name="search_journeys" time="39.803" classname="com.upnorway.testcases.Journeys"/>
  <testcase name="journey_enquire" time="90.98" classname="com.upnorway.testcases.Journeys"/>
  <testcase name="journey_getStarted" time="8.713" classname="com.upnorway.testcases.Journeys"/>
  <testcase name="journey_magicMap" time="24.383" classname="com.upnorway.testcases.Journeys"/>
  <testcase name="validateCountsAfterFiltering" time="20.821" classname="com.upnorway.testcases.Journeys"/>
  <testcase name="currencyTypes_price" time="46.869" classname="com.upnorway.testcases.Journeys"/>
  <testcase name="about_JourneyTestimonials" time="26.872" classname="com.upnorway.testcases.About"/>
  <testcase name="about_getStarted" time="13.744" classname="com.upnorway.testcases.About"/>
  <testcase name="campaign_enquireExperience" time="37.177" classname="com.upnorway.testcases.Campaign"/>
  <testcase name="campaign_goToJourney" time="49.158" classname="com.upnorway.testcases.Campaign"/>
  <testcase name="navigateToTestimonials" time="7.239" classname="com.upnorway.testcases.Testimonials"/>
</testsuite> <!-- Journeys -->
