<?xml version="1.0" encoding="UTF-8"?>
<testsuite name="Journeys"
           tests="6"
           failures="0"
           errors="0"
           skipped="0"
           time="140.009">
  <properties />
  
  
            <testcase name="journey_enquire" time="59.537" classname="com.upnorway.testcases.Journeys" />
                <testcase name="validateCountsAfterFiltering" time="10.373" classname="com.upnorway.testcases.Journeys" />
                <testcase name="search_journeys" time="17.151" classname="com.upnorway.testcases.Journeys" />
                <testcase name="journey_getStarted" time="5.600" classname="com.upnorway.testcases.Journeys" />
                <testcase name="journey_magicMap" time="9.247" classname="com.upnorway.testcases.Journeys" />
                <testcase name="currencyTypes_price" time="38.101" classname="com.upnorway.testcases.Journeys" />
      
</testsuite>
