<?xml version="1.0" encoding="UTF-8"?>
<testsuite name="Home page"
           tests="5"
           failures="0"
           errors="0"
           skipped="0"
           time="58.858">
  <properties />
  
  
            <testcase name="testTailorMyJourenyBackToHome" time="4.761" classname="com.upnorway.testcases.TailorMyJourney" />
                <testcase name="send_Enquiry" time="11.798" classname="com.upnorway.testcases.TailorMyJourney" />
                <testcase name="testTailorMyJourenyUPNorwayLogo" time="5.499" classname="com.upnorway.testcases.TailorMyJourney" />
                <testcase name="testTailorMyJourneyContactInfoValidating" time="16.547" classname="com.upnorway.testcases.TailorMyJourney" />
                <testcase name="tailorMyJourney_ValidationCheck" time="20.253" classname="com.upnorway.testcases.TailorMyJourney" />
      
</testsuite>
