<?xml version="1.0" encoding="UTF-8"?>
<testsuite name="Home page"
           tests="4"
           failures="0"
           errors="0"
           skipped="0"
           time="842.346">
  <properties />
  
  
            <testcase name="googleReviewCount" time="15.452" classname="com.upnorway.testcases.Homepage" />
                <testcase name="googleReviews" time="29.871" classname="com.upnorway.testcases.Homepage" />
                <testcase name="slidePressItems" time="18.833" classname="com.upnorway.testcases.Homepage" />
                <testcase name="googleReviewfiveStars" time="778.190" classname="com.upnorway.testcases.Homepage" />
      
</testsuite>
