<?xml version="1.0" encoding="UTF-8"?>
<testsuite name="Home page"
           tests="4"
           failures="0"
           errors="0"
           skipped="0"
           time="61.980">
  <properties />
  
  
            <testcase name="search_for_less" time="9.414" classname="com.upnorway.testcases.SearchAnything" />
                <testcase name="navigate_Pagination" time="14.096" classname="com.upnorway.testcases.SearchAnything" />
                <testcase name="search_Pagination" time="10.217" classname="com.upnorway.testcases.SearchAnything" />
                <testcase name="search_for_many" time="28.253" classname="com.upnorway.testcases.SearchAnything" />
      
</testsuite>
