<!DOCTYPE html PUBLIC "-//W3C//DTD XHTML 1.1//EN" "http://www.w3.org/TR/xhtml11/DTD/xhtml11.dtd">
<html xmlns="http://www.w3.org/1999/xhtml"><head><title>TestNG Report</title><style type="text/css">table {margin-bottom:10px;border-collapse:collapse;empty-cells:show}th,td {border:1px solid #009;padding:.25em .5em}th {vertical-align:bottom}td {vertical-align:top}table a {font-weight:bold}.stripe td {background-color: #E6EBF9}.num {text-align:right}.passedodd td {background-color: #3F3}.passedeven td {background-color: #0A0}.skippedodd td {background-color: #DDD}.skippedeven td {background-color: #CCC}.failedodd td,.attn {background-color: #F33}.failedeven td,.stripe .attn {background-color: #D00}.stacktrace {white-space:pre;font-family:monospace}.totop {font-size:85%;text-align:center;border-bottom:2px solid #000}</style></head><body><table><tr><th>Test</th><th># Passed</th><th># Skipped</th><th># Failed</th><th>Time (ms)</th><th>Included Groups</th><th>Excluded Groups</th></tr><tr><th colspan="7">Suite</th></tr><tr><td><a href="#t0">Home page</a></td><td class="num">11</td><td class="num">0</td><td class="num attn">4</td><td class="num">1,502,701</td><td></td><td></td></tr><tr class="stripe"><td><a href="#t1">Journeys</a></td><td class="num">11</td><td class="num">0</td><td class="num">0</td><td class="num">432,106</td><td></td><td></td></tr><tr><th>Total</th><th class="num">22</th><th class="num">0</th><th class="num attn">4</th><th class="num">1,934,807</th><th colspan="2"></th></tr></table><table><thead><tr><th>Class</th><th>Method</th><th>Start</th><th>Time (ms)</th></tr></thead><tbody><tr><th colspan="4">Suite</th></tr></tbody><tbody id="t0"><tr><th colspan="4">Home page &#8212; failed</th></tr><tr class="failedeven"><td rowspan="2">com.upnorway.testcases.SearchAnything</td><td><a href="#m0">navigate_Pagination</a></td><td rowspan="1">1586515337395</td><td rowspan="1">43549</td></tr><tr class="failedeven"><td><a href="#m1">search_for_less</a></td><td rowspan="1">1586515574815</td><td rowspan="1">94494</td></tr><tr class="failedodd"><td rowspan="2">com.upnorway.testcases.TailorMyJourney</td><td><a href="#m2">tailorMyJourney_ValidationCheck</a></td><td rowspan="1">1586515108124</td><td rowspan="1">73315</td></tr><tr class="failedodd"><td><a href="#m3">testTailorMyJourneyContactInfoValidating</a></td><td rowspan="1">1586515258026</td><td rowspan="1">46976</td></tr><tr><th colspan="4">Home page &#8212; passed</th></tr><tr class="passedeven"><td rowspan="4">com.upnorway.testcases.Homepage</td><td><a href="#m4">googleReviewCount</a></td><td rowspan="1">1586514171963</td><td rowspan="1">15452</td></tr><tr class="passedeven"><td><a href="#m5">googleReviewfiveStars</a></td><td rowspan="1">1586514226936</td><td rowspan="1">778190</td></tr><tr class="passedeven"><td><a href="#m6">googleReviews</a></td><td rowspan="1">1586515008739</td><td rowspan="1">29871</td></tr><tr class="passedeven"><td><a href="#m7">slidePressItems</a></td><td rowspan="1">1586515044775</td><td rowspan="1">18833</td></tr><tr class="passedodd"><td rowspan="2">com.upnorway.testcases.SearchAnything</td><td><a href="#m8">search_Pagination</a></td><td rowspan="1">1586515388831</td><td rowspan="1">81080</td></tr><tr class="passedodd"><td><a href="#m9">search_for_many</a></td><td rowspan="1">1586515475534</td><td rowspan="1">87969</td></tr><tr class="passedeven"><td rowspan="2">com.upnorway.testcases.SendEnquiry</td><td><a href="#m10">sendEnquiryWithoutMandatoryFields</a></td><td rowspan="1">1586515310776</td><td rowspan="1">5572</td></tr><tr class="passedeven"><td><a href="#m11">send_Enquiry</a></td><td rowspan="1">1586515319995</td><td rowspan="1">14924</td></tr><tr class="passedodd"><td rowspan="3">com.upnorway.testcases.TailorMyJourney</td><td><a href="#m12">send_Enquiry</a></td><td rowspan="1">1586515067280</td><td rowspan="1">29275</td></tr><tr class="passedodd"><td><a href="#m13">testTailorMyJourenyBackToHome</a></td><td rowspan="1">1586515189244</td><td rowspan="1">19219</td></tr><tr class="passedodd"><td><a href="#m14">testTailorMyJourenyUPNorwayLogo</a></td><td rowspan="1">1586515219039</td><td rowspan="1">35296</td></tr></tbody><tbody id="t1"><tr><th colspan="4">Journeys &#8212; passed</th></tr><tr class="passedeven"><td rowspan="2">com.upnorway.testcases.About</td><td><a href="#m15">about_JourneyTestimonials</a></td><td rowspan="1">1586515959364</td><td rowspan="1">26872</td></tr><tr class="passedeven"><td><a href="#m16">about_getStarted</a></td><td rowspan="1">1586515989121</td><td rowspan="1">13744</td></tr><tr class="passedodd"><td rowspan="2">com.upnorway.testcases.Campaign</td><td><a href="#m17">campaign_enquireExperience</a></td><td rowspan="1">1586516007062</td><td rowspan="1">37177</td></tr><tr class="passedodd"><td><a href="#m18">campaign_goToJourney</a></td><td rowspan="1">1586516046983</td><td rowspan="1">49158</td></tr><tr class="passedeven"><td rowspan="6">com.upnorway.testcases.Journeys</td><td><a href="#m19">currencyTypes_price</a></td><td rowspan="1">1586515909459</td><td rowspan="1">46869</td></tr><tr class="passedeven"><td><a href="#m20">journey_enquire</a></td><td rowspan="1">1586515744876</td><td rowspan="1">90980</td></tr><tr class="passedeven"><td><a href="#m21">journey_getStarted</a></td><td rowspan="1">1586515838079</td><td rowspan="1">8713</td></tr><tr class="passedeven"><td><a href="#m22">journey_magicMap</a></td><td rowspan="1">1586515858580</td><td rowspan="1">24383</td></tr><tr class="passedeven"><td><a href="#m23">search_journeys</a></td><td rowspan="1">1586515684174</td><td rowspan="1">39803</td></tr><tr class="passedeven"><td><a href="#m24">validateCountsAfterFiltering</a></td><td rowspan="1">1586515886209</td><td rowspan="1">20821</td></tr><tr class="passedodd"><td rowspan="1">com.upnorway.testcases.Testimonials</td><td><a href="#m25">navigateToTestimonials</a></td><td rowspan="1">1586516098368</td><td rowspan="1">7239</td></tr></tbody></table><h2>Home page</h2><h3 id="m0">com.upnorway.testcases.SearchAnything#navigate_Pagination</h3><table class="result"><tr class="param"><th>Parameter #1</th></tr><tr class="param stripe"><td>summer</td></tr><tr><th>Messages</th></tr><tr><td><div class="messages">Click to see Screenshot<br/>&lt;a target=&quot;_blank&quot; href=Fri_Apr_10_16_13_01_IST_2020.jpg&gt;Screenshot&lt;/a&gt;<br/>&lt;br&gt;<br/>&lt;br&gt;<br/>&lt;a target=&quot;_blank&quot; href=Fri_Apr_10_16_13_01_IST_2020.jpg&gt;&lt;img src=Fri_Apr_10_16_13_01_IST_2020.jpg height=200 width=200&gt;&lt;/img&gt;&lt;/a&gt;</div></td></tr><tr><th>Exception</th></tr><tr><td><div class="stacktrace">org.openqa.selenium.NoSuchElementException: no such element: Unable to locate element: {&quot;method&quot;:&quot;xpath&quot;,&quot;selector&quot;:&quot;(//div[@class=&apos;journey_title&apos;])[1]/h3&quot;}
  (Session info: chrome=81.0.4044.92)
  (Driver info: chromedriver=80.0.3987.106 (f68069574609230cf9b635cd784cfb1bf81bb53a-refs/branch-heads/3987@{#882}),platform=Windows NT 10.0.18363 x86_64) (WARNING: The server did not provide any stacktrace information)
Command duration or timeout: 20.12 seconds
For documentation on this error, please visit: http://seleniumhq.org/exceptions/no_such_element.html
Build info: version: &apos;2.53.1&apos;, revision: &apos;a36b8b1cd5757287168e54b817830adce9b0158d&apos;, time: &apos;2016-06-30 19:26:09&apos;
System info: host: &apos;ArshadM&apos;, ip: &apos;10.212.134.204&apos;, os.name: &apos;Windows 10&apos;, os.arch: &apos;amd64&apos;, os.version: &apos;10.0&apos;, java.version: &apos;1.8.0_221&apos;
Driver info: org.openqa.selenium.chrome.ChromeDriver
Capabilities [{mobileEmulationEnabled=false, timeouts={implicit=0, pageLoad=300000, script=30000}, hasTouchScreen=false, platform=XP, acceptSslCerts=false, goog:chromeOptions={debuggerAddress=localhost:57109}, acceptInsecureCerts=false, webStorageEnabled=true, browserName=chrome, takesScreenshot=true, javascriptEnabled=true, setWindowRect=true, unexpectedAlertBehaviour=ignore, applicationCacheEnabled=false, rotatable=false, networkConnectionEnabled=false, chrome={chromedriverVersion=80.0.3987.106 (f68069574609230cf9b635cd784cfb1bf81bb53a-refs/branch-heads/3987@{#882}), userDataDir=C:\Users\arshadm\AppData\Local\Temp\scoped_dir34260_425411919}, takesHeapSnapshot=true, pageLoadStrategy=normal, strictFileInteractability=false, databaseEnabled=false, handlesAlerts=true, version=81.0.4044.92, browserConnectionEnabled=false, proxy={}, nativeEvents=true, locationContextEnabled=true, cssSelectorsEnabled=true}]
Session ID: 19d36a2c04367fc8037f017208627c11
*** Element info: {Using=xpath, value=(//div[@class=&apos;journey_title&apos;])[1]/h3}
	at org.openqa.selenium.remote.ErrorHandler.createThrowable(ErrorHandler.java:206)
	at org.openqa.selenium.remote.ErrorHandler.throwIfResponseFailed(ErrorHandler.java:158)
	at org.openqa.selenium.remote.RemoteWebDriver.execute(RemoteWebDriver.java:678)
	at org.openqa.selenium.remote.RemoteWebDriver.findElement(RemoteWebDriver.java:363)
	at org.openqa.selenium.remote.RemoteWebDriver.findElementByXPath(RemoteWebDriver.java:500)
	at org.openqa.selenium.By$ByXPath.findElement(By.java:361)
	at org.openqa.selenium.remote.RemoteWebDriver.findElement(RemoteWebDriver.java:355)
	at com.upnorway.testcases.SearchAnything.navigate_Pagination(SearchAnything.java:203)
... Removed 27 stack frames</div></td></tr></table><p class="totop"><a href="#summary">back to summary</a></p><h3 id="m1">com.upnorway.testcases.SearchAnything#search_for_less</h3><table class="result"><tr class="param"><th>Parameter #1</th></tr><tr class="param stripe"><td>drifting</td></tr><tr><th>Messages</th></tr><tr><td><div class="messages">Click to see Screenshot<br/>&lt;a target=&quot;_blank&quot; href=Fri_Apr_10_16_17_53_IST_2020.jpg&gt;Screenshot&lt;/a&gt;<br/>&lt;br&gt;<br/>&lt;br&gt;<br/>&lt;a target=&quot;_blank&quot; href=Fri_Apr_10_16_17_53_IST_2020.jpg&gt;&lt;img src=Fri_Apr_10_16_17_53_IST_2020.jpg height=200 width=200&gt;&lt;/img&gt;&lt;/a&gt;</div></td></tr><tr><th>Exception</th></tr><tr><td><div class="stacktrace">org.openqa.selenium.NoSuchElementException: no such element: Unable to locate element: {&quot;method&quot;:&quot;xpath&quot;,&quot;selector&quot;:&quot;(//div[@class=&apos;journey_title&apos;])[1]/h3&quot;}
  (Session info: chrome=81.0.4044.92)
  (Driver info: chromedriver=80.0.3987.106 (f68069574609230cf9b635cd784cfb1bf81bb53a-refs/branch-heads/3987@{#882}),platform=Windows NT 10.0.18363 x86_64) (WARNING: The server did not provide any stacktrace information)
Command duration or timeout: 20.10 seconds
For documentation on this error, please visit: http://seleniumhq.org/exceptions/no_such_element.html
Build info: version: &apos;2.53.1&apos;, revision: &apos;a36b8b1cd5757287168e54b817830adce9b0158d&apos;, time: &apos;2016-06-30 19:26:09&apos;
System info: host: &apos;ArshadM&apos;, ip: &apos;10.212.134.204&apos;, os.name: &apos;Windows 10&apos;, os.arch: &apos;amd64&apos;, os.version: &apos;10.0&apos;, java.version: &apos;1.8.0_221&apos;
Driver info: org.openqa.selenium.chrome.ChromeDriver
Capabilities [{mobileEmulationEnabled=false, timeouts={implicit=0, pageLoad=300000, script=30000}, hasTouchScreen=false, platform=XP, acceptSslCerts=false, goog:chromeOptions={debuggerAddress=localhost:57109}, acceptInsecureCerts=false, webStorageEnabled=true, browserName=chrome, takesScreenshot=true, javascriptEnabled=true, setWindowRect=true, unexpectedAlertBehaviour=ignore, applicationCacheEnabled=false, rotatable=false, networkConnectionEnabled=false, chrome={chromedriverVersion=80.0.3987.106 (f68069574609230cf9b635cd784cfb1bf81bb53a-refs/branch-heads/3987@{#882}), userDataDir=C:\Users\arshadm\AppData\Local\Temp\scoped_dir34260_425411919}, takesHeapSnapshot=true, pageLoadStrategy=normal, strictFileInteractability=false, databaseEnabled=false, handlesAlerts=true, version=81.0.4044.92, browserConnectionEnabled=false, proxy={}, nativeEvents=true, locationContextEnabled=true, cssSelectorsEnabled=true}]
Session ID: 19d36a2c04367fc8037f017208627c11
*** Element info: {Using=xpath, value=(//div[@class=&apos;journey_title&apos;])[1]/h3}
	at org.openqa.selenium.remote.ErrorHandler.createThrowable(ErrorHandler.java:206)
	at org.openqa.selenium.remote.ErrorHandler.throwIfResponseFailed(ErrorHandler.java:158)
	at org.openqa.selenium.remote.RemoteWebDriver.execute(RemoteWebDriver.java:678)
	at org.openqa.selenium.remote.RemoteWebDriver.findElement(RemoteWebDriver.java:363)
	at org.openqa.selenium.remote.RemoteWebDriver.findElementByXPath(RemoteWebDriver.java:500)
	at org.openqa.selenium.By$ByXPath.findElement(By.java:361)
	at org.openqa.selenium.remote.RemoteWebDriver.findElement(RemoteWebDriver.java:355)
	at com.upnorway.testcases.SearchAnything.search_for_less(SearchAnything.java:94)
... Removed 27 stack frames</div></td></tr></table><p class="totop"><a href="#summary">back to summary</a></p><h3 id="m2">com.upnorway.testcases.TailorMyJourney#tailorMyJourney_ValidationCheck</h3><table class="result"><tr class="param"><th>Parameter #1</th><th>Parameter #2</th><th>Parameter #3</th><th>Parameter #4</th><th>Parameter #5</th><th>Parameter #6</th><th>Parameter #7</th><th>Parameter #8</th><th>Parameter #9</th><th>Parameter #10</th></tr><tr class="param stripe"><td>Donald</td><td>Trump</td><td>44 years young</td><td>dana@ufc.com</td><td>0097444667</td><td>31st of December 2030</td><td>4</td><td>Enterprenuer</td><td>9</td><td>United States of America</td></tr><tr><th colspan="10">Messages</th></tr><tr><td colspan="10"><div class="messages">Click to see Screenshot<br/>&lt;a target=&quot;_blank&quot; href=Fri_Apr_10_16_09_44_IST_2020.jpg&gt;Screenshot&lt;/a&gt;<br/>&lt;br&gt;<br/>&lt;br&gt;<br/>&lt;a target=&quot;_blank&quot; href=Fri_Apr_10_16_09_44_IST_2020.jpg&gt;&lt;img src=Fri_Apr_10_16_09_44_IST_2020.jpg height=200 width=200&gt;&lt;/img&gt;&lt;/a&gt;</div></td></tr><tr><th colspan="10">Exception</th></tr><tr><td colspan="10"><div class="stacktrace">org.openqa.selenium.NoSuchElementException: no such element: Unable to locate element: {&quot;method&quot;:&quot;xpath&quot;,&quot;selector&quot;:&quot;//strong[text()=&apos;The Great Outdoors&apos;]&quot;}
  (Session info: chrome=81.0.4044.92)
  (Driver info: chromedriver=80.0.3987.106 (f68069574609230cf9b635cd784cfb1bf81bb53a-refs/branch-heads/3987@{#882}),platform=Windows NT 10.0.18363 x86_64) (WARNING: The server did not provide any stacktrace information)
Command duration or timeout: 20.10 seconds
For documentation on this error, please visit: http://seleniumhq.org/exceptions/no_such_element.html
Build info: version: &apos;2.53.1&apos;, revision: &apos;a36b8b1cd5757287168e54b817830adce9b0158d&apos;, time: &apos;2016-06-30 19:26:09&apos;
System info: host: &apos;ArshadM&apos;, ip: &apos;10.212.134.204&apos;, os.name: &apos;Windows 10&apos;, os.arch: &apos;amd64&apos;, os.version: &apos;10.0&apos;, java.version: &apos;1.8.0_221&apos;
Driver info: org.openqa.selenium.chrome.ChromeDriver
Capabilities [{mobileEmulationEnabled=false, timeouts={implicit=0, pageLoad=300000, script=30000}, hasTouchScreen=false, platform=XP, acceptSslCerts=false, goog:chromeOptions={debuggerAddress=localhost:57109}, acceptInsecureCerts=false, webStorageEnabled=true, browserName=chrome, takesScreenshot=true, javascriptEnabled=true, setWindowRect=true, unexpectedAlertBehaviour=ignore, applicationCacheEnabled=false, rotatable=false, networkConnectionEnabled=false, chrome={chromedriverVersion=80.0.3987.106 (f68069574609230cf9b635cd784cfb1bf81bb53a-refs/branch-heads/3987@{#882}), userDataDir=C:\Users\arshadm\AppData\Local\Temp\scoped_dir34260_425411919}, takesHeapSnapshot=true, pageLoadStrategy=normal, strictFileInteractability=false, databaseEnabled=false, handlesAlerts=true, version=81.0.4044.92, browserConnectionEnabled=false, proxy={}, nativeEvents=true, locationContextEnabled=true, cssSelectorsEnabled=true}]
Session ID: 19d36a2c04367fc8037f017208627c11
*** Element info: {Using=xpath, value=//strong[text()=&apos;The Great Outdoors&apos;]}
	at org.openqa.selenium.remote.ErrorHandler.createThrowable(ErrorHandler.java:206)
	at org.openqa.selenium.remote.ErrorHandler.throwIfResponseFailed(ErrorHandler.java:158)
	at org.openqa.selenium.remote.RemoteWebDriver.execute(RemoteWebDriver.java:678)
	at org.openqa.selenium.remote.RemoteWebDriver.findElement(RemoteWebDriver.java:363)
	at org.openqa.selenium.remote.RemoteWebDriver.findElementByXPath(RemoteWebDriver.java:500)
	at org.openqa.selenium.By$ByXPath.findElement(By.java:361)
	at org.openqa.selenium.remote.RemoteWebDriver.findElement(RemoteWebDriver.java:355)
	at com.upnorway.base.TestBase.click(TestBase.java:181)
	at com.upnorway.testcases.TailorMyJourney.tailorMyJourney_ValidationCheck(TailorMyJourney.java:102)
... Removed 27 stack frames</div></td></tr></table><p class="totop"><a href="#summary">back to summary</a></p><h3 id="m3">com.upnorway.testcases.TailorMyJourney#testTailorMyJourneyContactInfoValidating</h3><table class="result"><tr class="param"><th>Parameter #1</th><th>Parameter #2</th><th>Parameter #3</th><th>Parameter #4</th><th>Parameter #5</th><th>Parameter #6</th><th>Parameter #7</th><th>Parameter #8</th><th>Parameter #9</th><th>Parameter #10</th><th>Parameter #11</th></tr><tr class="param stripe"><td>Donald</td><td>Trump</td><td>44 years young</td><td>dana@ufc.com</td><td>0097444667</td><td>31st of December 2030</td><td>4</td><td>Enterprenuer</td><td>9</td><td>United States of America</td><td>Please fill out all the required fields.</td></tr><tr><th colspan="11">Messages</th></tr><tr><td colspan="11"><div class="messages">Click to see Screenshot<br/>&lt;a target=&quot;_blank&quot; href=Fri_Apr_10_16_11_46_IST_2020.jpg&gt;Screenshot&lt;/a&gt;<br/>&lt;br&gt;<br/>&lt;br&gt;<br/>&lt;a target=&quot;_blank&quot; href=Fri_Apr_10_16_11_46_IST_2020.jpg&gt;&lt;img src=Fri_Apr_10_16_11_46_IST_2020.jpg height=200 width=200&gt;&lt;/img&gt;&lt;/a&gt;</div></td></tr><tr><th colspan="11">Exception</th></tr><tr><td colspan="11"><div class="stacktrace">org.openqa.selenium.NoSuchElementException: no such element: Unable to locate element: {&quot;method&quot;:&quot;xpath&quot;,&quot;selector&quot;:&quot;//div[@id=&apos;#Autumn&apos;]&quot;}
  (Session info: chrome=81.0.4044.92)
  (Driver info: chromedriver=80.0.3987.106 (f68069574609230cf9b635cd784cfb1bf81bb53a-refs/branch-heads/3987@{#882}),platform=Windows NT 10.0.18363 x86_64) (WARNING: The server did not provide any stacktrace information)
Command duration or timeout: 20.07 seconds
For documentation on this error, please visit: http://seleniumhq.org/exceptions/no_such_element.html
Build info: version: &apos;2.53.1&apos;, revision: &apos;a36b8b1cd5757287168e54b817830adce9b0158d&apos;, time: &apos;2016-06-30 19:26:09&apos;
System info: host: &apos;ArshadM&apos;, ip: &apos;10.212.134.204&apos;, os.name: &apos;Windows 10&apos;, os.arch: &apos;amd64&apos;, os.version: &apos;10.0&apos;, java.version: &apos;1.8.0_221&apos;
Driver info: org.openqa.selenium.chrome.ChromeDriver
Capabilities [{mobileEmulationEnabled=false, timeouts={implicit=0, pageLoad=300000, script=30000}, hasTouchScreen=false, platform=XP, acceptSslCerts=false, goog:chromeOptions={debuggerAddress=localhost:57109}, acceptInsecureCerts=false, webStorageEnabled=true, browserName=chrome, takesScreenshot=true, javascriptEnabled=true, setWindowRect=true, unexpectedAlertBehaviour=ignore, applicationCacheEnabled=false, rotatable=false, networkConnectionEnabled=false, chrome={chromedriverVersion=80.0.3987.106 (f68069574609230cf9b635cd784cfb1bf81bb53a-refs/branch-heads/3987@{#882}), userDataDir=C:\Users\arshadm\AppData\Local\Temp\scoped_dir34260_425411919}, takesHeapSnapshot=true, pageLoadStrategy=normal, strictFileInteractability=false, databaseEnabled=false, handlesAlerts=true, version=81.0.4044.92, browserConnectionEnabled=false, proxy={}, nativeEvents=true, locationContextEnabled=true, cssSelectorsEnabled=true}]
Session ID: 19d36a2c04367fc8037f017208627c11
*** Element info: {Using=xpath, value=//div[@id=&apos;#Autumn&apos;]}
	at org.openqa.selenium.remote.ErrorHandler.createThrowable(ErrorHandler.java:206)
	at org.openqa.selenium.remote.ErrorHandler.throwIfResponseFailed(ErrorHandler.java:158)
	at org.openqa.selenium.remote.RemoteWebDriver.execute(RemoteWebDriver.java:678)
	at org.openqa.selenium.remote.RemoteWebDriver.findElement(RemoteWebDriver.java:363)
	at org.openqa.selenium.remote.RemoteWebDriver.findElementByXPath(RemoteWebDriver.java:500)
	at org.openqa.selenium.By$ByXPath.findElement(By.java:361)
	at org.openqa.selenium.remote.RemoteWebDriver.findElement(RemoteWebDriver.java:355)
	at com.upnorway.base.TestBase.click(TestBase.java:181)
	at com.upnorway.testcases.TailorMyJourney.testTailorMyJourneyContactInfoValidating(TailorMyJourney.java:299)
... Removed 27 stack frames</div></td></tr></table><p class="totop"><a href="#summary">back to summary</a></p><h3 id="m4">com.upnorway.testcases.Homepage#googleReviewCount</h3><table class="result"><tr class="param"><th>Parameter #1</th></tr><tr class="param stripe"><td>36</td></tr><tr><th>Messages</th></tr><tr><td><div class="messages">&lt;br&gt;Verification failure : expected [36] but found [37]&lt;br&gt;<br/>&lt;a target=&quot;_blank&quot; href=Fri_Apr_10_15_53_07_IST_2020.jpg&gt;&lt;img src=Fri_Apr_10_15_53_07_IST_2020.jpg height=200 width=200&gt;&lt;/img&gt;&lt;/a&gt;<br/>&lt;br&gt;<br/>&lt;br&gt;</div></td></tr></table><p class="totop"><a href="#summary">back to summary</a></p><h3 id="m5">com.upnorway.testcases.Homepage#googleReviewfiveStars</h3><table class="result"></table><p class="totop"><a href="#summary">back to summary</a></p><h3 id="m6">com.upnorway.testcases.Homepage#googleReviews</h3><table class="result"><tr class="param"><th>Parameter #1</th><th>Parameter #2</th></tr><tr class="param stripe"><td>GOOGLE REVIEWS</td><td>Up Norway</td></tr></table><p class="totop"><a href="#summary">back to summary</a></p><h3 id="m7">com.upnorway.testcases.Homepage#slidePressItems</h3><table class="result"><tr class="param"><th>Parameter #1</th></tr><tr class="param stripe"><td>AS SEEN IN PRESS</td></tr></table><p class="totop"><a href="#summary">back to summary</a></p><h3 id="m8">com.upnorway.testcases.SearchAnything#search_Pagination</h3><table class="result"><tr class="param"><th>Parameter #1</th></tr><tr class="param stripe"><td>summer</td></tr></table><p class="totop"><a href="#summary">back to summary</a></p><h3 id="m9">com.upnorway.testcases.SearchAnything#search_for_many</h3><table class="result"><tr class="param"><th>Parameter #1</th></tr><tr class="param stripe"><td>summer</td></tr></table><p class="totop"><a href="#summary">back to summary</a></p><h3 id="m10">com.upnorway.testcases.SendEnquiry#sendEnquiryWithoutMandatoryFields</h3><table class="result"><tr class="param"><th>Parameter #1</th><th>Parameter #2</th></tr><tr class="param stripe"><td>I would love to travel Norway</td><td>Please fill all the required fields</td></tr></table><p class="totop"><a href="#summary">back to summary</a></p><h3 id="m11">com.upnorway.testcases.SendEnquiry#send_Enquiry</h3><table class="result"><tr class="param"><th>Parameter #1</th><th>Parameter #2</th><th>Parameter #3</th><th>Parameter #4</th></tr><tr class="param stripe"><td>Donald</td><td>Trump</td><td>dana@ufc.com</td><td>I would love to travel Norway</td></tr></table><p class="totop"><a href="#summary">back to summary</a></p><h3 id="m12">com.upnorway.testcases.TailorMyJourney#send_Enquiry</h3><table class="result"><tr class="param"><th>Parameter #1</th><th>Parameter #2</th><th>Parameter #3</th><th>Parameter #4</th></tr><tr class="param stripe"><td>Donald</td><td>Trump</td><td>dana@ufc.com</td><td>I would love to travel Norway</td></tr></table><p class="totop"><a href="#summary">back to summary</a></p><h3 id="m13">com.upnorway.testcases.TailorMyJourney#testTailorMyJourenyBackToHome</h3><table class="result"><tr class="param"><th>Parameter #1</th><th>Parameter #2</th></tr><tr class="param stripe"><td>Donald</td><td>A new era of travel curation</td></tr></table><p class="totop"><a href="#summary">back to summary</a></p><h3 id="m14">com.upnorway.testcases.TailorMyJourney#testTailorMyJourenyUPNorwayLogo</h3><table class="result"><tr class="param"><th>Parameter #1</th><th>Parameter #2</th></tr><tr class="param stripe"><td>Donald</td><td>A new era of travel curation</td></tr></table><p class="totop"><a href="#summary">back to summary</a></p><h2>Journeys</h2><h3 id="m15">com.upnorway.testcases.About#about_JourneyTestimonials</h3><table class="result"><tr class="param"><th>Parameter #1</th><th>Parameter #2</th><th>Parameter #3</th></tr><tr class="param stripe"><td>WE’LL TAKE YOU TO THE HEART OF NORWAY</td><td>TESTIMONIALS</td><td>GIVE ME MØRE!</td></tr></table><p class="totop"><a href="#summary">back to summary</a></p><h3 id="m16">com.upnorway.testcases.About#about_getStarted</h3><table class="result"><tr class="param"><th>Parameter #1</th><th>Parameter #2</th></tr><tr class="param stripe"><td>WE’LL TAKE YOU TO THE HEART OF NORWAY</td><td>Hello, I’m Henriette. Welcome to Up Norway.</td></tr></table><p class="totop"><a href="#summary">back to summary</a></p><h3 id="m17">com.upnorway.testcases.Campaign#campaign_enquireExperience</h3><table class="result"><tr class="param"><th>Parameter #1</th><th>Parameter #2</th><th>Parameter #3</th><th>Parameter #4</th><th>Parameter #5</th><th>Parameter #6</th><th>Parameter #7</th><th>Parameter #8</th></tr><tr class="param stripe"><td>A TASTE OF LOCAL SECRETS</td><td>George</td><td>Bush</td><td>president@india.com</td><td>9876543</td><td>India</td><td>5</td><td>Thank you, we will get back to you shortly. A copy of your request has been sent to your email</td></tr></table><p class="totop"><a href="#summary">back to summary</a></p><h3 id="m18">com.upnorway.testcases.Campaign#campaign_goToJourney</h3><table class="result"><tr class="param"><th>Parameter #1</th><th>Parameter #2</th><th>Parameter #3</th><th>Parameter #4</th><th>Parameter #5</th><th>Parameter #6</th><th>Parameter #7</th><th>Parameter #8</th></tr><tr class="param stripe"><td>DISCOVERY ROUTE ADVENTURES</td><td>the classic discovery route</td><td>George</td><td>Bush</td><td>president@india.com</td><td>9876543</td><td>India</td><td>5</td></tr><tr><th colspan="8">Messages</th></tr><tr><td colspan="8"><div class="messages">&lt;br&gt;Verification failure : expected [the classic discovery route] but found [the upscaled discovery route]&lt;br&gt;<br/>&lt;a target=&quot;_blank&quot; href=Fri_Apr_10_16_24_25_IST_2020.jpg&gt;&lt;img src=Fri_Apr_10_16_24_25_IST_2020.jpg height=200 width=200&gt;&lt;/img&gt;&lt;/a&gt;<br/>&lt;br&gt;<br/>&lt;br&gt;</div></td></tr></table><p class="totop"><a href="#summary">back to summary</a></p><h3 id="m19">com.upnorway.testcases.Journeys#currencyTypes_price</h3><table class="result"><tr class="param"><th>Parameter #1</th><th>Parameter #2</th></tr><tr class="param stripe"><td>fish</td><td>GBP</td></tr></table><p class="totop"><a href="#summary">back to summary</a></p><h3 id="m20">com.upnorway.testcases.Journeys#journey_enquire</h3><table class="result"><tr class="param"><th>Parameter #1</th><th>Parameter #2</th><th>Parameter #3</th><th>Parameter #4</th><th>Parameter #5</th><th>Parameter #6</th><th>Parameter #7</th></tr><tr class="param stripe"><td>fish</td><td>George</td><td>Bush</td><td>president@india.com</td><td>9876543</td><td>India</td><td>5</td></tr><tr><th colspan="7">Messages</th></tr><tr><td colspan="7"><div class="messages">&lt;br&gt;Verification failure : expected [let it go! explore frozen magic in anna &amp;amp; elsa’s footsteps] but found [let it go! explore frozen magic in anna &amp; elsa’s footsteps]&lt;br&gt;<br/>&lt;a target=&quot;_blank&quot; href=Fri_Apr_10_16_19_46_IST_2020.jpg&gt;&lt;img src=Fri_Apr_10_16_19_46_IST_2020.jpg height=200 width=200&gt;&lt;/img&gt;&lt;/a&gt;<br/>&lt;br&gt;<br/>&lt;br&gt;</div></td></tr></table><p class="totop"><a href="#summary">back to summary</a></p><h3 id="m21">com.upnorway.testcases.Journeys#journey_getStarted</h3><table class="result"><tr class="param"><th>Parameter #1</th></tr><tr class="param stripe"><td>Hello, I’m Henriette. Welcome to Up Norway.</td></tr><tr><th>Messages</th></tr><tr><td><div class="messages">&lt;br&gt;Verification failure : expected [.] but found [hello, i’m henriette. welcome to up norway.]&lt;br&gt;<br/>&lt;a target=&quot;_blank&quot; href=Fri_Apr_10_16_20_46_IST_2020.jpg&gt;&lt;img src=Fri_Apr_10_16_20_46_IST_2020.jpg height=200 width=200&gt;&lt;/img&gt;&lt;/a&gt;<br/>&lt;br&gt;<br/>&lt;br&gt;</div></td></tr></table><p class="totop"><a href="#summary">back to summary</a></p><h3 id="m22">com.upnorway.testcases.Journeys#journey_magicMap</h3><table class="result"><tr class="param"><th>Parameter #1</th></tr><tr class="param stripe"><td>Up Norway&apos;s Magic Map</td></tr></table><p class="totop"><a href="#summary">back to summary</a></p><h3 id="m23">com.upnorway.testcases.Journeys#search_journeys</h3><table class="result"><tr class="param"><th>Parameter #1</th></tr><tr class="param stripe"><td>Os</td></tr></table><p class="totop"><a href="#summary">back to summary</a></p><h3 id="m24">com.upnorway.testcases.Journeys#validateCountsAfterFiltering</h3><table class="result"><tr class="param"><th>Parameter #1</th></tr><tr class="param stripe"><td>a</td></tr></table><p class="totop"><a href="#summary">back to summary</a></p><h3 id="m25">com.upnorway.testcases.Testimonials#navigateToTestimonials</h3><table class="result"><tr class="param"><th>Parameter #1</th></tr><tr class="param stripe"><td>TESTIMONIALS</td></tr></table><p class="totop"><a href="#summary">back to summary</a></p></body></html>