<?xml version="1.0" encoding="UTF-8"?>
<testng-results skipped="0" failed="0" total="24" passed="24">
  <reporter-output>
  </reporter-output>
  <suite name="Suite" duration-ms="667596" started-at="2020-04-15T13:40:19Z" finished-at="2020-04-15T13:51:26Z">
    <groups>
    </groups>
    <test name="Home page" duration-ms="301825" started-at="2020-04-15T13:40:19Z" finished-at="2020-04-15T13:45:20Z">
      <class name="com.upnorway.testcases.SearchAnything">
        <test-method status="PASS" signature="beforeTest()[pri:0, instance:com.upnorway.testcases.SearchAnything@614ca7df]" name="beforeTest" is-config="true" duration-ms="16912" started-at="2020-04-15T19:13:34Z" finished-at="2020-04-15T19:13:51Z">
          <reporter-output>
          </reporter-output>
        </test-method> <!-- beforeTest -->
        <test-method status="PASS" signature="navigate_Pagination(java.lang.String)[pri:0, instance:com.upnorway.testcases.SearchAnything@614ca7df]" name="navigate_Pagination" duration-ms="16491" started-at="2020-04-15T19:13:51Z" finished-at="2020-04-15T19:14:08Z">
          <params>
            <param index="0">
              <value>
                <![CDATA[summer]]>
              </value>
            </param>
          </params>
          <reporter-output>
          </reporter-output>
        </test-method> <!-- navigate_Pagination -->
        <test-method status="PASS" signature="beforeTest()[pri:0, instance:com.upnorway.testcases.SearchAnything@614ca7df]" name="beforeTest" is-config="true" duration-ms="14724" started-at="2020-04-15T19:14:08Z" finished-at="2020-04-15T19:14:22Z">
          <reporter-output>
          </reporter-output>
        </test-method> <!-- beforeTest -->
        <test-method status="PASS" signature="search_Pagination(java.lang.String)[pri:0, instance:com.upnorway.testcases.SearchAnything@614ca7df]" name="search_Pagination" duration-ms="14545" started-at="2020-04-15T19:14:22Z" finished-at="2020-04-15T19:14:37Z">
          <params>
            <param index="0">
              <value>
                <![CDATA[summer]]>
              </value>
            </param>
          </params>
          <reporter-output>
          </reporter-output>
        </test-method> <!-- search_Pagination -->
        <test-method status="PASS" signature="beforeTest()[pri:0, instance:com.upnorway.testcases.SearchAnything@614ca7df]" name="beforeTest" is-config="true" duration-ms="6216" started-at="2020-04-15T19:14:37Z" finished-at="2020-04-15T19:14:43Z">
          <reporter-output>
          </reporter-output>
        </test-method> <!-- beforeTest -->
        <test-method status="PASS" signature="search_for_many(java.lang.String)[pri:1, instance:com.upnorway.testcases.SearchAnything@614ca7df]" name="search_for_many" duration-ms="16319" started-at="2020-04-15T19:14:43Z" finished-at="2020-04-15T19:15:00Z">
          <params>
            <param index="0">
              <value>
                <![CDATA[summer]]>
              </value>
            </param>
          </params>
          <reporter-output>
          </reporter-output>
        </test-method> <!-- search_for_many -->
        <test-method status="PASS" signature="beforeTest()[pri:0, instance:com.upnorway.testcases.SearchAnything@614ca7df]" name="beforeTest" is-config="true" duration-ms="1603" started-at="2020-04-15T19:15:00Z" finished-at="2020-04-15T19:15:01Z">
          <reporter-output>
          </reporter-output>
        </test-method> <!-- beforeTest -->
        <test-method status="PASS" signature="search_for_less(java.lang.String)[pri:2, instance:com.upnorway.testcases.SearchAnything@614ca7df]" name="search_for_less" duration-ms="19128" started-at="2020-04-15T19:15:01Z" finished-at="2020-04-15T19:15:20Z">
          <params>
            <param index="0">
              <value>
                <![CDATA[drifting]]>
              </value>
            </param>
          </params>
          <reporter-output>
          </reporter-output>
        </test-method> <!-- search_for_less -->
      </class> <!-- com.upnorway.testcases.SearchAnything -->
      <class name="com.upnorway.testcases.TailorMyJourney">
        <test-method status="PASS" signature="beforeTest()[pri:0, instance:com.upnorway.testcases.TailorMyJourney@7e7be63f]" name="beforeTest" is-config="true" duration-ms="1385" started-at="2020-04-15T19:10:53Z" finished-at="2020-04-15T19:10:54Z">
          <reporter-output>
          </reporter-output>
        </test-method> <!-- beforeTest -->
        <test-method status="PASS" signature="send_Enquiry(java.lang.String, java.lang.String, java.lang.String, java.lang.String)[pri:0, instance:com.upnorway.testcases.TailorMyJourney@7e7be63f]" name="send_Enquiry" duration-ms="16076" started-at="2020-04-15T19:10:54Z" finished-at="2020-04-15T19:11:11Z">
          <params>
            <param index="0">
              <value>
                <![CDATA[Donald]]>
              </value>
            </param>
            <param index="1">
              <value>
                <![CDATA[Trump]]>
              </value>
            </param>
            <param index="2">
              <value>
                <![CDATA[dana@ufc.com]]>
              </value>
            </param>
            <param index="3">
              <value>
                <![CDATA[I would love to travel Norway]]>
              </value>
            </param>
          </params>
          <reporter-output>
          </reporter-output>
        </test-method> <!-- send_Enquiry -->
        <test-method status="PASS" signature="beforeTest()[pri:0, instance:com.upnorway.testcases.TailorMyJourney@7e7be63f]" name="beforeTest" is-config="true" duration-ms="1838" started-at="2020-04-15T19:11:11Z" finished-at="2020-04-15T19:11:12Z">
          <reporter-output>
          </reporter-output>
        </test-method> <!-- beforeTest -->
        <test-method status="PASS" signature="tailorMyJourney_ValidationCheck(java.lang.String, java.lang.String, java.lang.String, java.lang.String, java.lang.String, java.lang.String, java.lang.String, java.lang.String, java.lang.String, java.lang.String)[pri:0, instance:com.upnorway.testcases.TailorMyJourney@7e7be63f]" name="tailorMyJourney_ValidationCheck" duration-ms="25983" started-at="2020-04-15T19:11:12Z" finished-at="2020-04-15T19:11:38Z">
          <params>
            <param index="0">
              <value>
                <![CDATA[Donald]]>
              </value>
            </param>
            <param index="1">
              <value>
                <![CDATA[Trump]]>
              </value>
            </param>
            <param index="2">
              <value>
                <![CDATA[44 years young]]>
              </value>
            </param>
            <param index="3">
              <value>
                <![CDATA[dana@ufc.com]]>
              </value>
            </param>
            <param index="4">
              <value>
                <![CDATA[0097444667]]>
              </value>
            </param>
            <param index="5">
              <value>
                <![CDATA[31st of December 2030]]>
              </value>
            </param>
            <param index="6">
              <value>
                <![CDATA[4]]>
              </value>
            </param>
            <param index="7">
              <value>
                <![CDATA[Enterprenuer]]>
              </value>
            </param>
            <param index="8">
              <value>
                <![CDATA[9]]>
              </value>
            </param>
            <param index="9">
              <value>
                <![CDATA[United States of America]]>
              </value>
            </param>
          </params>
          <reporter-output>
          </reporter-output>
        </test-method> <!-- tailorMyJourney_ValidationCheck -->
        <test-method status="PASS" signature="beforeTest()[pri:0, instance:com.upnorway.testcases.TailorMyJourney@7e7be63f]" name="beforeTest" is-config="true" duration-ms="9788" started-at="2020-04-15T19:11:38Z" finished-at="2020-04-15T19:11:48Z">
          <reporter-output>
          </reporter-output>
        </test-method> <!-- beforeTest -->
        <test-method status="PASS" signature="testTailorMyJourenyBackToHome(java.lang.String, java.lang.String)[pri:0, instance:com.upnorway.testcases.TailorMyJourney@7e7be63f]" name="testTailorMyJourenyBackToHome" duration-ms="5393" started-at="2020-04-15T19:11:48Z" finished-at="2020-04-15T19:11:54Z">
          <params>
            <param index="0">
              <value>
                <![CDATA[Donald]]>
              </value>
            </param>
            <param index="1">
              <value>
                <![CDATA[A new era of travel curation]]>
              </value>
            </param>
          </params>
          <reporter-output>
          </reporter-output>
        </test-method> <!-- testTailorMyJourenyBackToHome -->
        <test-method status="PASS" signature="beforeTest()[pri:0, instance:com.upnorway.testcases.TailorMyJourney@7e7be63f]" name="beforeTest" is-config="true" duration-ms="32391" started-at="2020-04-15T19:11:54Z" finished-at="2020-04-15T19:12:26Z">
          <reporter-output>
          </reporter-output>
        </test-method> <!-- beforeTest -->
        <test-method status="PASS" signature="testTailorMyJourenyUPNorwayLogo(java.lang.String, java.lang.String)[pri:0, instance:com.upnorway.testcases.TailorMyJourney@7e7be63f]" name="testTailorMyJourenyUPNorwayLogo" duration-ms="4445" started-at="2020-04-15T19:12:26Z" finished-at="2020-04-15T19:12:30Z">
          <params>
            <param index="0">
              <value>
                <![CDATA[Donald]]>
              </value>
            </param>
            <param index="1">
              <value>
                <![CDATA[A new era of travel curation]]>
              </value>
            </param>
          </params>
          <reporter-output>
          </reporter-output>
        </test-method> <!-- testTailorMyJourenyUPNorwayLogo -->
        <test-method status="PASS" signature="beforeTest()[pri:0, instance:com.upnorway.testcases.TailorMyJourney@7e7be63f]" name="beforeTest" is-config="true" duration-ms="5044" started-at="2020-04-15T19:12:31Z" finished-at="2020-04-15T19:12:36Z">
          <reporter-output>
          </reporter-output>
        </test-method> <!-- beforeTest -->
        <test-method status="PASS" signature="testTailorMyJourneyContactInfoValidating(java.lang.String, java.lang.String, java.lang.String, java.lang.String, java.lang.String, java.lang.String, java.lang.String, java.lang.String, java.lang.String, java.lang.String, java.lang.String)[pri:0, instance:com.upnorway.testcases.TailorMyJourney@7e7be63f]" name="testTailorMyJourneyContactInfoValidating" duration-ms="14827" started-at="2020-04-15T19:12:36Z" finished-at="2020-04-15T19:12:50Z">
          <params>
            <param index="0">
              <value>
                <![CDATA[Donald]]>
              </value>
            </param>
            <param index="1">
              <value>
                <![CDATA[Trump]]>
              </value>
            </param>
            <param index="2">
              <value>
                <![CDATA[44 years young]]>
              </value>
            </param>
            <param index="3">
              <value>
                <![CDATA[dana@ufc.com]]>
              </value>
            </param>
            <param index="4">
              <value>
                <![CDATA[0097444667]]>
              </value>
            </param>
            <param index="5">
              <value>
                <![CDATA[31st of December 2030]]>
              </value>
            </param>
            <param index="6">
              <value>
                <![CDATA[4]]>
              </value>
            </param>
            <param index="7">
              <value>
                <![CDATA[Enterprenuer]]>
              </value>
            </param>
            <param index="8">
              <value>
                <![CDATA[9]]>
              </value>
            </param>
            <param index="9">
              <value>
                <![CDATA[United States of America]]>
              </value>
            </param>
            <param index="10">
              <value>
                <![CDATA[Please fill out all the required fields.]]>
              </value>
            </param>
          </params>
          <reporter-output>
          </reporter-output>
        </test-method> <!-- testTailorMyJourneyContactInfoValidating -->
      </class> <!-- com.upnorway.testcases.TailorMyJourney -->
      <class name="com.upnorway.testcases.Homepage">
        <test-method status="PASS" signature="beforeTest()[pri:0, instance:com.upnorway.testcases.Homepage@5acf93bb]" name="beforeTest" is-config="true" duration-ms="7828" started-at="2020-04-15T19:10:19Z" finished-at="2020-04-15T19:10:26Z">
          <reporter-output>
          </reporter-output>
        </test-method> <!-- beforeTest -->
        <test-method status="PASS" signature="googleReviews(java.lang.String, java.lang.String)[pri:0, instance:com.upnorway.testcases.Homepage@5acf93bb]" name="googleReviews" duration-ms="12546" started-at="2020-04-15T19:10:26Z" finished-at="2020-04-15T19:10:39Z">
          <params>
            <param index="0">
              <value>
                <![CDATA[GOOGLE REVIEWS]]>
              </value>
            </param>
            <param index="1">
              <value>
                <![CDATA[Up Norway]]>
              </value>
            </param>
          </params>
          <reporter-output>
          </reporter-output>
        </test-method> <!-- googleReviews -->
        <test-method status="PASS" signature="beforeTest()[pri:0, instance:com.upnorway.testcases.Homepage@5acf93bb]" name="beforeTest" is-config="true" duration-ms="7377" started-at="2020-04-15T19:10:39Z" finished-at="2020-04-15T19:10:47Z">
          <reporter-output>
          </reporter-output>
        </test-method> <!-- beforeTest -->
        <test-method status="PASS" signature="slidePressItems(java.lang.String)[pri:0, instance:com.upnorway.testcases.Homepage@5acf93bb]" name="slidePressItems" duration-ms="6328" started-at="2020-04-15T19:10:47Z" finished-at="2020-04-15T19:10:53Z">
          <params>
            <param index="0">
              <value>
                <![CDATA[AS SEEN IN PRESS]]>
              </value>
            </param>
          </params>
          <reporter-output>
          </reporter-output>
        </test-method> <!-- slidePressItems -->
        <test-method status="PASS" signature="afterTest()[pri:0, instance:com.upnorway.testcases.Homepage@5acf93bb]" name="afterTest" is-config="true" duration-ms="0" started-at="2020-04-15T19:15:20Z" finished-at="2020-04-15T19:15:20Z">
          <reporter-output>
          </reporter-output>
        </test-method> <!-- afterTest -->
      </class> <!-- com.upnorway.testcases.Homepage -->
      <class name="com.upnorway.testcases.SendEnquiry">
        <test-method status="PASS" signature="beforeTest()[pri:0, instance:com.upnorway.testcases.SendEnquiry@6cd28fa7]" name="beforeTest" is-config="true" duration-ms="11705" started-at="2020-04-15T19:12:50Z" finished-at="2020-04-15T19:13:02Z">
          <reporter-output>
          </reporter-output>
        </test-method> <!-- beforeTest -->
        <test-method status="PASS" signature="sendEnquiryWithoutMandatoryFields(java.lang.String, java.lang.String)[pri:0, instance:com.upnorway.testcases.SendEnquiry@6cd28fa7]" name="sendEnquiryWithoutMandatoryFields" duration-ms="2914" started-at="2020-04-15T19:13:02Z" finished-at="2020-04-15T19:13:05Z">
          <params>
            <param index="0">
              <value>
                <![CDATA[I would love to travel Norway]]>
              </value>
            </param>
            <param index="1">
              <value>
                <![CDATA[Please fill all the required fields]]>
              </value>
            </param>
          </params>
          <reporter-output>
          </reporter-output>
        </test-method> <!-- sendEnquiryWithoutMandatoryFields -->
        <test-method status="PASS" signature="beforeTest()[pri:0, instance:com.upnorway.testcases.SendEnquiry@6cd28fa7]" name="beforeTest" is-config="true" duration-ms="19850" started-at="2020-04-15T19:13:05Z" finished-at="2020-04-15T19:13:25Z">
          <reporter-output>
          </reporter-output>
        </test-method> <!-- beforeTest -->
        <test-method status="PASS" signature="send_Enquiry(java.lang.String, java.lang.String, java.lang.String, java.lang.String)[pri:0, instance:com.upnorway.testcases.SendEnquiry@6cd28fa7]" name="send_Enquiry" duration-ms="9267" started-at="2020-04-15T19:13:25Z" finished-at="2020-04-15T19:13:34Z">
          <params>
            <param index="0">
              <value>
                <![CDATA[Donald]]>
              </value>
            </param>
            <param index="1">
              <value>
                <![CDATA[Trump]]>
              </value>
            </param>
            <param index="2">
              <value>
                <![CDATA[dana@ufc.com]]>
              </value>
            </param>
            <param index="3">
              <value>
                <![CDATA[I would love to travel Norway]]>
              </value>
            </param>
          </params>
          <reporter-output>
          </reporter-output>
        </test-method> <!-- send_Enquiry -->
      </class> <!-- com.upnorway.testcases.SendEnquiry -->
    </test> <!-- Home page -->
    <test name="Journeys" duration-ms="365730" started-at="2020-04-15T13:45:20Z" finished-at="2020-04-15T13:51:26Z">
      <class name="com.upnorway.testcases.Testimonials">
        <test-method status="PASS" signature="beforeTest()[pri:0, instance:com.upnorway.testcases.Testimonials@c88a337]" name="beforeTest" is-config="true" duration-ms="15712" started-at="2020-04-15T19:21:06Z" finished-at="2020-04-15T19:21:22Z">
          <reporter-output>
          </reporter-output>
        </test-method> <!-- beforeTest -->
        <test-method status="PASS" signature="navigateToTestimonials(java.lang.String)[pri:0, instance:com.upnorway.testcases.Testimonials@c88a337]" name="navigateToTestimonials" duration-ms="4075" started-at="2020-04-15T19:21:22Z" finished-at="2020-04-15T19:21:26Z">
          <params>
            <param index="0">
              <value>
                <![CDATA[TESTIMONIALS]]>
              </value>
            </param>
          </params>
          <reporter-output>
          </reporter-output>
        </test-method> <!-- navigateToTestimonials -->
      </class> <!-- com.upnorway.testcases.Testimonials -->
      <class name="com.upnorway.testcases.About">
        <test-method status="PASS" signature="beforeTest()[pri:0, instance:com.upnorway.testcases.About@43dac38f]" name="beforeTest" is-config="true" duration-ms="4598" started-at="2020-04-15T19:18:33Z" finished-at="2020-04-15T19:18:37Z">
          <reporter-output>
          </reporter-output>
        </test-method> <!-- beforeTest -->
        <test-method status="PASS" signature="about_JourneyTestimonials(java.lang.String, java.lang.String, java.lang.String)[pri:0, instance:com.upnorway.testcases.About@43dac38f]" name="about_JourneyTestimonials" duration-ms="27004" started-at="2020-04-15T19:18:37Z" finished-at="2020-04-15T19:19:04Z">
          <params>
            <param index="0">
              <value>
                <![CDATA[WE’LL TAKE YOU TO THE HEART OF NORWAY]]>
              </value>
            </param>
            <param index="1">
              <value>
                <![CDATA[TESTIMONIALS]]>
              </value>
            </param>
            <param index="2">
              <value>
                <![CDATA[GIVE ME MØRE!]]>
              </value>
            </param>
          </params>
          <reporter-output>
          </reporter-output>
        </test-method> <!-- about_JourneyTestimonials -->
        <test-method status="PASS" signature="beforeTest()[pri:0, instance:com.upnorway.testcases.About@43dac38f]" name="beforeTest" is-config="true" duration-ms="3500" started-at="2020-04-15T19:19:04Z" finished-at="2020-04-15T19:19:08Z">
          <reporter-output>
          </reporter-output>
        </test-method> <!-- beforeTest -->
        <test-method status="PASS" signature="about_getStarted(java.lang.String, java.lang.String)[pri:0, instance:com.upnorway.testcases.About@43dac38f]" name="about_getStarted" duration-ms="21302" started-at="2020-04-15T19:19:08Z" finished-at="2020-04-15T19:19:29Z">
          <params>
            <param index="0">
              <value>
                <![CDATA[WE’LL TAKE YOU TO THE HEART OF NORWAY]]>
              </value>
            </param>
            <param index="1">
              <value>
                <![CDATA[Hello, I’m Henriette. Welcome to Up Norway.]]>
              </value>
            </param>
          </params>
          <reporter-output>
          </reporter-output>
        </test-method> <!-- about_getStarted -->
      </class> <!-- com.upnorway.testcases.About -->
      <class name="com.upnorway.testcases.Journeys">
        <test-method status="PASS" signature="setUp()[pri:0, instance:com.upnorway.testcases.Journeys@d5b810e]" name="setUp" is-config="true" duration-ms="55099" started-at="2020-04-15T19:09:23Z" finished-at="2020-04-15T19:10:19Z">
          <reporter-output>
          </reporter-output>
        </test-method> <!-- setUp -->
        <test-method status="PASS" signature="beforeTest()[pri:0, instance:com.upnorway.testcases.Journeys@d5b810e]" name="beforeTest" is-config="true" duration-ms="2640" started-at="2020-04-15T19:15:20Z" finished-at="2020-04-15T19:15:23Z">
          <reporter-output>
          </reporter-output>
        </test-method> <!-- beforeTest -->
        <test-method status="PASS" signature="search_journeys(java.lang.String)[pri:1, instance:com.upnorway.testcases.Journeys@d5b810e]" name="search_journeys" duration-ms="22066" started-at="2020-04-15T19:15:23Z" finished-at="2020-04-15T19:15:45Z">
          <params>
            <param index="0">
              <value>
                <![CDATA[Os]]>
              </value>
            </param>
          </params>
          <reporter-output>
          </reporter-output>
        </test-method> <!-- search_journeys -->
        <test-method status="PASS" signature="beforeTest()[pri:0, instance:com.upnorway.testcases.Journeys@d5b810e]" name="beforeTest" is-config="true" duration-ms="1690" started-at="2020-04-15T19:15:45Z" finished-at="2020-04-15T19:15:47Z">
          <reporter-output>
          </reporter-output>
        </test-method> <!-- beforeTest -->
        <test-method status="PASS" signature="journey_enquire(java.lang.String, java.lang.String, java.lang.String, java.lang.String, java.lang.String, java.lang.String, java.lang.String)[pri:2, instance:com.upnorway.testcases.Journeys@d5b810e]" name="journey_enquire" duration-ms="78402" started-at="2020-04-15T19:15:47Z" finished-at="2020-04-15T19:17:05Z">
          <params>
            <param index="0">
              <value>
                <![CDATA[fish]]>
              </value>
            </param>
            <param index="1">
              <value>
                <![CDATA[George]]>
              </value>
            </param>
            <param index="2">
              <value>
                <![CDATA[Bush]]>
              </value>
            </param>
            <param index="3">
              <value>
                <![CDATA[president@india.com]]>
              </value>
            </param>
            <param index="4">
              <value>
                <![CDATA[9876543]]>
              </value>
            </param>
            <param index="5">
              <value>
                <![CDATA[India]]>
              </value>
            </param>
            <param index="6">
              <value>
                <![CDATA[5]]>
              </value>
            </param>
          </params>
          <reporter-output>
          </reporter-output>
        </test-method> <!-- journey_enquire -->
        <test-method status="PASS" signature="beforeTest()[pri:0, instance:com.upnorway.testcases.Journeys@d5b810e]" name="beforeTest" is-config="true" duration-ms="2228" started-at="2020-04-15T19:17:05Z" finished-at="2020-04-15T19:17:08Z">
          <reporter-output>
          </reporter-output>
        </test-method> <!-- beforeTest -->
        <test-method status="PASS" signature="journey_getStarted(java.lang.String)[pri:3, instance:com.upnorway.testcases.Journeys@d5b810e]" name="journey_getStarted" duration-ms="15099" started-at="2020-04-15T19:17:08Z" finished-at="2020-04-15T19:17:23Z">
          <params>
            <param index="0">
              <value>
                <![CDATA[Hello, I’m Henriette. Welcome to Up Norway.]]>
              </value>
            </param>
          </params>
          <reporter-output>
          </reporter-output>
        </test-method> <!-- journey_getStarted -->
        <test-method status="PASS" signature="beforeTest()[pri:0, instance:com.upnorway.testcases.Journeys@d5b810e]" name="beforeTest" is-config="true" duration-ms="1375" started-at="2020-04-15T19:17:23Z" finished-at="2020-04-15T19:17:24Z">
          <reporter-output>
          </reporter-output>
        </test-method> <!-- beforeTest -->
        <test-method status="PASS" signature="journey_magicMap(java.lang.String)[pri:4, instance:com.upnorway.testcases.Journeys@d5b810e]" name="journey_magicMap" duration-ms="9723" started-at="2020-04-15T19:17:24Z" finished-at="2020-04-15T19:17:34Z">
          <params>
            <param index="0">
              <value>
                <![CDATA[Up Norway's Magic Map]]>
              </value>
            </param>
          </params>
          <reporter-output>
          </reporter-output>
        </test-method> <!-- journey_magicMap -->
        <test-method status="PASS" signature="beforeTest()[pri:0, instance:com.upnorway.testcases.Journeys@d5b810e]" name="beforeTest" is-config="true" duration-ms="2176" started-at="2020-04-15T19:17:34Z" finished-at="2020-04-15T19:17:36Z">
          <reporter-output>
          </reporter-output>
        </test-method> <!-- beforeTest -->
        <test-method status="PASS" signature="validateCountsAfterFiltering(java.lang.String)[pri:5, instance:com.upnorway.testcases.Journeys@d5b810e]" name="validateCountsAfterFiltering" duration-ms="15346" started-at="2020-04-15T19:17:36Z" finished-at="2020-04-15T19:17:51Z">
          <params>
            <param index="0">
              <value>
                <![CDATA[a]]>
              </value>
            </param>
          </params>
          <reporter-output>
          </reporter-output>
        </test-method> <!-- validateCountsAfterFiltering -->
        <test-method status="PASS" signature="beforeTest()[pri:0, instance:com.upnorway.testcases.Journeys@d5b810e]" name="beforeTest" is-config="true" duration-ms="1428" started-at="2020-04-15T19:17:51Z" finished-at="2020-04-15T19:17:53Z">
          <reporter-output>
          </reporter-output>
        </test-method> <!-- beforeTest -->
        <test-method status="PASS" signature="currencyTypes_price(java.lang.String, java.lang.String)[pri:6, instance:com.upnorway.testcases.Journeys@d5b810e]" name="currencyTypes_price" duration-ms="39830" started-at="2020-04-15T19:17:53Z" finished-at="2020-04-15T19:18:33Z">
          <params>
            <param index="0">
              <value>
                <![CDATA[fish]]>
              </value>
            </param>
            <param index="1">
              <value>
                <![CDATA[GBP]]>
              </value>
            </param>
          </params>
          <reporter-output>
          </reporter-output>
        </test-method> <!-- currencyTypes_price -->
        <test-method status="PASS" signature="afterTest()[pri:0, instance:com.upnorway.testcases.Journeys@d5b810e]" name="afterTest" is-config="true" duration-ms="1" started-at="2020-04-15T19:21:26Z" finished-at="2020-04-15T19:21:26Z">
          <reporter-output>
          </reporter-output>
        </test-method> <!-- afterTest -->
        <test-method status="PASS" signature="tearDown()[pri:0, instance:com.upnorway.testcases.Journeys@d5b810e]" name="tearDown" is-config="true" duration-ms="12402" started-at="2020-04-15T19:21:26Z" finished-at="2020-04-15T19:21:39Z">
          <reporter-output>
          </reporter-output>
        </test-method> <!-- tearDown -->
      </class> <!-- com.upnorway.testcases.Journeys -->
      <class name="com.upnorway.testcases.Campaign">
        <test-method status="PASS" signature="beforeTest()[pri:0, instance:com.upnorway.testcases.Campaign@342c38f8]" name="beforeTest" is-config="true" duration-ms="11567" started-at="2020-04-15T19:19:29Z" finished-at="2020-04-15T19:19:41Z">
          <reporter-output>
          </reporter-output>
        </test-method> <!-- beforeTest -->
        <test-method status="PASS" signature="campaign_enquireExperience(java.lang.String, java.lang.String, java.lang.String, java.lang.String, java.lang.String, java.lang.String, java.lang.String, java.lang.String)[pri:0, instance:com.upnorway.testcases.Campaign@342c38f8]" name="campaign_enquireExperience" duration-ms="35601" started-at="2020-04-15T19:19:41Z" finished-at="2020-04-15T19:20:16Z">
          <params>
            <param index="0">
              <value>
                <![CDATA[A TASTE OF LOCAL SECRETS]]>
              </value>
            </param>
            <param index="1">
              <value>
                <![CDATA[George]]>
              </value>
            </param>
            <param index="2">
              <value>
                <![CDATA[Bush]]>
              </value>
            </param>
            <param index="3">
              <value>
                <![CDATA[president@india.com]]>
              </value>
            </param>
            <param index="4">
              <value>
                <![CDATA[9876543]]>
              </value>
            </param>
            <param index="5">
              <value>
                <![CDATA[India]]>
              </value>
            </param>
            <param index="6">
              <value>
                <![CDATA[5]]>
              </value>
            </param>
            <param index="7">
              <value>
                <![CDATA[Thank you, we will get back to you shortly. A copy of your request has been sent to your email]]>
              </value>
            </param>
          </params>
          <reporter-output>
          </reporter-output>
        </test-method> <!-- campaign_enquireExperience -->
        <test-method status="PASS" signature="beforeTest()[pri:0, instance:com.upnorway.testcases.Campaign@342c38f8]" name="beforeTest" is-config="true" duration-ms="6066" started-at="2020-04-15T19:20:17Z" finished-at="2020-04-15T19:20:23Z">
          <reporter-output>
          </reporter-output>
        </test-method> <!-- beforeTest -->
        <test-method status="PASS" signature="campaign_goToJourney(java.lang.String, java.lang.String, java.lang.String, java.lang.String, java.lang.String, java.lang.String, java.lang.String, java.lang.String)[pri:0, instance:com.upnorway.testcases.Campaign@342c38f8]" name="campaign_goToJourney" duration-ms="43766" started-at="2020-04-15T19:20:23Z" finished-at="2020-04-15T19:21:06Z">
          <params>
            <param index="0">
              <value>
                <![CDATA[DISCOVERY ROUTE ADVENTURES]]>
              </value>
            </param>
            <param index="1">
              <value>
                <![CDATA[the upscaled discovery route]]>
              </value>
            </param>
            <param index="2">
              <value>
                <![CDATA[George]]>
              </value>
            </param>
            <param index="3">
              <value>
                <![CDATA[Bush]]>
              </value>
            </param>
            <param index="4">
              <value>
                <![CDATA[president@india.com]]>
              </value>
            </param>
            <param index="5">
              <value>
                <![CDATA[9876543]]>
              </value>
            </param>
            <param index="6">
              <value>
                <![CDATA[India]]>
              </value>
            </param>
            <param index="7">
              <value>
                <![CDATA[5]]>
              </value>
            </param>
          </params>
          <reporter-output>
          </reporter-output>
        </test-method> <!-- campaign_goToJourney -->
      </class> <!-- com.upnorway.testcases.Campaign -->
    </test> <!-- Journeys -->
  </suite> <!-- Suite -->
</testng-results>
